{
  "RSpec": {
    "coverage": {
      "/mnt/c/Users/James/Documents/Avion/Journal/chronomemo/config/environment.rb": {
        "lines": [
          null,
          1,
          null,
          null,
          1
        ]
      },
      "/mnt/c/Users/James/Documents/Avion/Journal/chronomemo/config/application.rb": {
        "lines": [
          1,
          null,
          1,
          null,
          1,
          1,
          1,
          1,
          1,
          1,
          1,
          1,
          1,
          1,
          null,
          null,
          null,
          null,
          1,
          null,
          1,
          1,
          null,
          1,
          null,
          null,
          null,
          null,
          null,
          null,
          null,
          null,
          null,
          1,
          1,
          1,
          1,
          1,
          1,
          1,
          1,
          1,
          null,
          null,
          1,
          1,
          null,
          null,
          1,
          1,
          1,
          1,
          1,
          null,
          null,
          null,
          1,
          null,
          null,
          null
        ]
      },
      "/mnt/c/Users/James/Documents/Avion/Journal/chronomemo/config/boot.rb": {
        "lines": [
          1,
          null,
          1,
          1
        ]
      },
      "/mnt/c/Users/James/Documents/Avion/Journal/chronomemo/config/environments/test.rb": {
        "lines": [
          1,
          null,
          null,
          null,
          null,
          null,
          null,
          1,
          null,
          null,
          null,
          1,
          null,
          null,
          null,
          null,
          1,
          null,
          null,
          1,
          1,
          null,
          null,
          null,
          null,
          1,
          1,
          1,
          null,
          null,
          1,
          null,
          null,
          1,
          null,
          null,
          1,
          null,
          1,
          null,
          null,
          null,
          null,
          1,
          null,
          null,
          1,
          null,
          null,
          1,
          null,
          null,
          1,
          null,
          null,
          null,
          null,
          null,
          null,
          null
        ]
      },
      "/mnt/c/Users/James/Documents/Avion/Journal/chronomemo/config/initializers/assets.rb": {
        "lines": [
          null,
          null,
          null,
          1,
          null,
          null,
          null,
          null,
          null,
          null,
          null,
          null
        ]
      },
      "/mnt/c/Users/James/Documents/Avion/Journal/chronomemo/config/initializers/content_security_policy.rb": {
        "lines": [
          null,
          null,
          null,
          null,
          null,
          null,
          null,
          null,
          null,
          null,
          null,
          null,
          null,
          null,
          null,
          null,
          null,
          null,
          null,
          null,
          null,
          null,
          null,
          null,
          null
        ]
      },
      "/mnt/c/Users/James/Documents/Avion/Journal/chronomemo/config/initializers/devise.rb": {
        "lines": [
          null,
          null,
          null,
          null,
          null,
          null,
          null,
          null,
          null,
          null,
          1,
          null,
          null,
          null,
          null,
          null,
          null,
          null,
          null,
          null,
          null,
          null,
          null,
          null,
          null,
          null,
          1,
          null,
          null,
          null,
          null,
          null,
          null,
          null,
          null,
          null,
          null,
          null,
          1,
          null,
          null,
          null,
          null,
          null,
          null,
          null,
          null,
          null,
          null,
          null,
          null,
          null,
          null,
          null,
          null,
          null,
          null,
          null,
          null,
          null,
          1,
          null,
          null,
          null,
          null,
          1,
          null,
          null,
          null,
          null,
          null,
          null,
          null,
          null,
          null,
          null,
          null,
          null,
          null,
          null,
          null,
          null,
          null,
          null,
          null,
          null,
          null,
          null,
          null,
          null,
          null,
          null,
          null,
          null,
          null,
          null,
          null,
          null,
          null,
          1,
          null,
          null,
          null,
          null,
          null,
          null,
          null,
          null,
          null,
          null,
          null,
          null,
          null,
          null,
          null,
          null,
          null,
          null,
          null,
          null,
          null,
          null,
          null,
          null,
          null,
          1,
          null,
          null,
          null,
          null,
          null,
          null,
          null,
          null,
          null,
          null,
          null,
          null,
          null,
          null,
          null,
          null,
          null,
          null,
          null,
          null,
          null,
          null,
          null,
          null,
          null,
          null,
          null,
          null,
          null,
          null,
          null,
          null,
          null,
          1,
          null,
          null,
          null,
          null,
          null,
          null,
          null,
          null,
          null,
          1,
          null,
          null,
          null,
          null,
          null,
          null,
          null,
          null,
          null,
          null,
          1,
          null,
          null,
          null,
          null,
          1,
          null,
          null,
          null,
          null,
          null,
          null,
          null,
          null,
          null,
          null,
          null,
          null,
          null,
          null,
          null,
          null,
          null,
          null,
          null,
          null,
          null,
          null,
          null,
          null,
          null,
          null,
          null,
          null,
          null,
          null,
          null,
          null,
          null,
          null,
          null,
          null,
          null,
          null,
          null,
          null,
          1,
          null,
          null,
          null,
          null,
          null,
          null,
          null,
          null,
          null,
          null,
          null,
          null,
          null,
          null,
          null,
          null,
          null,
          null,
          null,
          null,
          null,
          null,
          null,
          null,
          null,
          null,
          null,
          null,
          null,
          null,
          null,
          null,
          null,
          null,
          null,
          null,
          null,
          null,
          null,
          null,
          null,
          1,
          null,
          null,
          null,
          null,
          null,
          null,
          null,
          null,
          null,
          null,
          null,
          null,
          null,
          null,
          null,
          null,
          null,
          null,
          null,
          null,
          null,
          null,
          null,
          null,
          null,
          null,
          null,
          null,
          null,
          null,
          null,
          null,
          null,
          null,
          null,
          1,
          1,
          null,
          null,
          null,
          null,
          null,
          null,
          null
        ]
      },
      "/mnt/c/Users/James/Documents/Avion/Journal/chronomemo/config/initializers/filter_parameter_logging.rb": {
        "lines": [
          null,
          null,
          null,
          null,
          null,
          1,
          null,
          null
        ]
      },
      "/mnt/c/Users/James/Documents/Avion/Journal/chronomemo/config/initializers/inflections.rb": {
        "lines": [
          null,
          null,
          null,
          null,
          null,
          null,
          null,
          null,
          null,
          null,
          null,
          null,
          null,
          null,
          null,
          null
        ]
      },
      "/mnt/c/Users/James/Documents/Avion/Journal/chronomemo/config/initializers/permissions_policy.rb": {
        "lines": [
          null,
          null,
          null,
          null,
          null,
          null,
          null,
          null,
          null,
          null,
          null
        ]
      },
      "/mnt/c/Users/James/Documents/Avion/Journal/chronomemo/app/controllers/application_controller.rb": {
        "lines": [
          1,
          1,
          1,
          null,
          null,
          null,
          1,
          null,
          1,
          2,
          2,
          null,
          null,
          null,
          null
        ]
      },
      "/mnt/c/Users/James/Documents/Avion/Journal/chronomemo/app/helpers/application_helper.rb": {
        "lines": [
          1,
          1,
          3,
          null,
          null,
          1,
          3,
          null,
          null,
          1,
          2,
          null,
          null,
          1,
          1,
          null,
          null,
          null
        ]
      },
      "/mnt/c/Users/James/Documents/Avion/Journal/chronomemo/app/helpers/tasks_helper.rb": {
        "lines": [
          null,
          1,
          null,
          1,
          3,
          3,
          null,
          null,
          1,
          3,
          3,
          null,
          null,
          null
        ]
      },
      "/mnt/c/Users/James/Documents/Avion/Journal/chronomemo/config/routes.rb": {
        "lines": [
          1,
          1,
          null,
          null,
          null,
          1,
          1,
          1,
          1,
          null,
          null,
          null,
          1,
          1,
          1,
          null,
          null,
          1,
          null
        ]
      },
      "/mnt/c/Users/James/Documents/Avion/Journal/chronomemo/app/models/user.rb": {
        "lines": [
          1,
          null,
          null,
          1,
          null,
          1,
          1,
          1,
          null
        ]
      },
      "/mnt/c/Users/James/Documents/Avion/Journal/chronomemo/app/models/application_record.rb": {
        "lines": [
          1,
          1,
          null
        ]
      },
      "/mnt/c/Users/James/Documents/Avion/Journal/chronomemo/spec/support/request_spec_helper.rb": {
        "lines": [
          1,
          1,
          null,
          1,
          17,
          17,
          null,
          null,
          1,
          7,
          7,
          null,
          null,
          1,
          0,
          null,
          null,
          1,
          0,
          null,
          null,
          1,
          null,
          1,
          7,
          null,
          null,
          null,
          1,
          1,
          15,
          null
        ]
      },
      "/mnt/c/Users/James/Documents/Avion/Journal/chronomemo/spec/controllers/categories_controller_spec.rb": {
        "lines": [
          1,
          null,
          1,
          11,
          5,
          null,
          1,
          10,
          null,
          null,
          1,
          1,
          1,
          1,
          null,
          null,
          null,
          1,
          1,
          1,
          1,
          null,
          null,
          null,
          1,
          1,
          1,
          1,
          null,
          null,
          null,
          1,
          1,
          1,
          1,
          1,
          null,
          null,
          null,
          1,
          1,
          1,
          null,
          null,
          null,
          1,
          1,
          1,
          1,
          null,
          null,
          null,
          1,
          1,
          1,
          null,
          null,
          null,
          null,
          1,
          1,
          1,
          1,
          1,
          1,
          null,
          null,
          null,
          1,
          1,
          1,
          3,
          null,
          1,
          1,
          null,
          null,
          null,
          1,
          1,
          3,
          null,
          1,
          1,
          null,
          null,
          null,
          null
        ]
      },
      "/mnt/c/Users/James/Documents/Avion/Journal/chronomemo/app/controllers/categories_controller.rb": {
        "lines": [
          1,
          null,
          1,
          null,
          null,
          1,
          3,
          null,
          null,
          null,
          1,
          null,
          null,
          null,
          1,
          1,
          null,
          null,
          null,
          1,
          null,
          null,
          null,
          1,
          6,
          null,
          6,
          3,
          null,
          3,
          null,
          null,
          null,
          null,
          1,
          1,
          1,
          null,
          0,
          null,
          null,
          null,
          null,
          1,
          2,
          2,
          null,
          null,
          1,
          null,
          null,
          1,
          4,
          null,
          null,
          null,
          1,
          7,
          null,
          null,
          null,
          null
        ]
      },
      "/mnt/c/Users/James/Documents/Avion/Journal/chronomemo/spec/controllers/pages_controller_spec.rb": {
        "lines": [
          1,
          null,
          1,
          5,
          4,
          3,
          3,
          3,
          3,
          null,
          1,
          4,
          null,
          null,
          1,
          1,
          3,
          null,
          1,
          1,
          null,
          null,
          1,
          1,
          1,
          null,
          null,
          null,
          1,
          3,
          null,
          1,
          1,
          null,
          null,
          1,
          1,
          1,
          null,
          null,
          null,
          null
        ]
      },
      "/mnt/c/Users/James/Documents/Avion/Journal/chronomemo/app/controllers/pages_controller.rb": {
        "lines": [
          1,
          1,
          null,
          1,
          7,
          2,
          2,
          null,
          5,
          null,
          null,
          7,
          null,
          null
        ]
      },
      "/mnt/c/Users/James/Documents/Avion/Journal/chronomemo/spec/controllers/tasks_controller_spec.rb": {
        "lines": [
          1,
          null,
          1,
          12,
          5,
          5,
          null,
          1,
          11,
          null,
          null,
          1,
          1,
          1,
          1,
          1,
          null,
          null,
          null,
          1,
          1,
          1,
          1,
          null,
          null,
          null,
          null,
          1,
          1,
          1,
          1,
          null,
          null,
          null,
          1,
          1,
          1,
          1,
          null,
          null,
          null,
          1,
          1,
          1,
          1,
          1,
          null,
          null,
          null,
          1,
          1,
          1,
          null,
          null,
          null,
          1,
          1,
          1,
          1,
          null,
          null,
          null,
          1,
          1,
          1,
          null,
          null,
          null,
          null,
          1,
          1,
          1,
          1,
          1,
          1,
          null,
          null,
          null,
          1,
          1,
          1,
          1,
          null,
          null,
          null,
          1,
          1,
          1,
          null,
          null,
          null
        ]
      },
      "/mnt/c/Users/James/Documents/Avion/Journal/chronomemo/app/controllers/tasks_controller.rb": {
        "lines": [
          1,
          null,
          1,
          null,
          null,
          1,
          null,
          null,
          3,
          1,
          1,
          null,
          null,
          2,
          null,
          null,
          null,
          3,
          null,
          null,
          null,
          null,
          null,
          null,
          1,
          null,
          null,
          null,
          1,
          1,
          0,
          0,
          null,
          1,
          null,
          null,
          null,
          null,
          1,
          null,
          null,
          null,
          1,
          5,
          5,
          5,
          null,
          5,
          3,
          null,
          null,
          2,
          2,
          null,
          null,
          null,
          null,
          null,
          1,
          1,
          1,
          null,
          0,
          null,
          null,
          null,
          null,
          1,
          2,
          2,
          null,
          null,
          null,
          1,
          0,
          0,
          null,
          0,
          null,
          null,
          null,
          null,
          1,
          null,
          null,
          1,
          4,
          null,
          null,
          null,
          1,
          6,
          null,
          null,
          null,
          null,
          null,
          null
        ]
      },
      "/mnt/c/Users/James/Documents/Avion/Journal/chronomemo/spec/helpers/application_helper_spec.rb": {
        "lines": [
          1,
          null,
          1,
          1,
          1,
          1,
          null,
          null,
          null,
          1,
          1,
          1,
          null,
          null,
          null,
          1,
          1,
          1,
          null,
          null,
          null,
          1,
          1,
          1,
          null,
          null,
          null
        ]
      },
      "/mnt/c/Users/James/Documents/Avion/Journal/chronomemo/spec/helpers/tasks_helper_spec.rb": {
        "lines": [
          1,
          null,
          1,
          3,
          3,
          3,
          3,
          null,
          1,
          1,
          1,
          1,
          1,
          null,
          null,
          null,
          1,
          1,
          1,
          1,
          1,
          null,
          null,
          null
        ]
      },
      "/mnt/c/Users/James/Documents/Avion/Journal/chronomemo/spec/models/category_spec.rb": {
        "lines": [
          1,
          null,
          1,
          2,
          3,
          null,
          1,
          2,
          2,
          null,
          null,
          1,
          3,
          null,
          2,
          2,
          null,
          null,
          1,
          1,
          1,
          1,
          null,
          1,
          1,
          null,
          null,
          null,
          null
        ]
      },
      "/mnt/c/Users/James/Documents/Avion/Journal/chronomemo/app/models/category.rb": {
        "lines": [
          1,
          1,
          1,
          1,
          null
        ]
      },
      "/mnt/c/Users/James/Documents/Avion/Journal/chronomemo/spec/models/task_spec.rb": {
        "lines": [
          1,
          null,
          1,
          1,
          null,
          4,
          1,
          1,
          null,
          1,
          1,
          null,
          null,
          1,
          1,
          1,
          null,
          null,
          1,
          1,
          1,
          null,
          null
        ]
      },
      "/mnt/c/Users/James/Documents/Avion/Journal/chronomemo/app/models/task.rb": {
        "lines": [
          1,
          1,
          1,
          1,
          null,
          1,
          null,
          1,
          null,
          1,
          7,
          null,
          null
        ]
      },
      "/mnt/c/Users/James/Documents/Avion/Journal/chronomemo/spec/models/user_spec.rb": {
        "lines": [
          1,
          null,
          1,
          1,
          3,
          1,
          4,
          null,
          1,
          2,
          2,
          null,
          null,
          1,
          3,
          null,
          2,
          2,
          null,
          null,
          null,
          1,
          1,
          null,
          null,
          1,
          1,
          1,
          null,
          null,
          1,
          1,
          1,
          null,
          null,
          null
        ]
      },
      "/mnt/c/Users/James/Documents/Avion/Journal/chronomemo/spec/requests/categories_spec.rb": {
        "lines": [
          1,
          null,
          1,
          null,
          5,
          1,
          null,
          1,
          1,
          1,
          2,
          2,
          null,
          null,
          1,
          1,
          null,
          null,
          1,
          1,
          null,
          null,
          null,
          1,
          2,
          null,
          1,
          1,
          null,
          null,
          null,
          null,
          1,
          1,
          3,
          null,
          1,
          1,
          1,
          null,
          null,
          null,
          1,
          1,
          1,
          1,
          null,
          null,
          null,
          null,
          null,
          1,
          1,
          1,
          1,
          null,
          null,
          null,
          1,
          1,
          1,
          null,
          null,
          null,
          null,
          null,
          null
        ]
      },
      "/mnt/c/Users/James/Documents/Avion/Journal/chronomemo/spec/requests/pages_spec.rb": {
        "lines": [
          1,
          null,
          1,
          1,
          1,
          2,
          2,
          null,
          1,
          1,
          1,
          1,
          null,
          null,
          null,
          1,
          1,
          1,
          1,
          null,
          null,
          null,
          null,
          null,
          null,
          null,
          null
        ]
      },
      "/mnt/c/Users/James/Documents/Avion/Journal/chronomemo/spec/requests/tasks_spec.rb": {
        "lines": [
          1,
          null,
          1,
          null,
          3,
          4,
          1,
          1,
          1,
          null,
          1,
          1,
          1,
          1,
          1,
          null,
          null,
          1,
          1,
          null,
          null,
          null,
          1,
          2,
          null,
          1,
          1,
          null,
          null,
          null,
          null,
          1,
          1,
          2,
          null,
          1,
          1,
          1,
          null,
          null,
          null,
          null,
          1,
          1,
          1,
          1,
          null,
          null,
          null,
          1,
          1,
          1,
          null,
          null,
          null,
          null,
          null,
          null
        ]
      }
    },
    "timestamp": 1690569210
  }
}
